{"uuid":"276e520f-b210-4663-8306-e9b7234167f8","historyId":"73df5b2f74158c8fb939f2c9ba4bc05b","fullName":"com.seleniumframework.tests.pageObjectModel_Test.vwo.TestVWOLogin_02_PropertyReader_DriverManager_POM_CommonToAll.test_negative_vwo_login","labels":[{"name":"package","value":"com.seleniumframework.tests.pageObjectModel_Test.vwo.TestVWOLogin_02_PropertyReader_DriverManager_POM_CommonToAll"},{"name":"testClass","value":"com.seleniumframework.tests.pageObjectModel_Test.vwo.TestVWOLogin_02_PropertyReader_DriverManager_POM_CommonToAll"},{"name":"testMethod","value":"test_negative_vwo_login"},{"name":"parentSuite","value":"Default Suite"},{"name":"suite","value":"SeleniumFrameWork"},{"name":"subSuite","value":"com.seleniumframework.tests.pageObjectModel_Test.vwo.TestVWOLogin_02_PropertyReader_DriverManager_POM_CommonToAll"},{"name":"host","value":"DESKTOP-E1I64D1"},{"name":"thread","value":"24700@DESKTOP-E1I64D1.main(3)"},{"name":"framework","value":"testng"},{"name":"language","value":"java"}],"links":[],"name":"test_negative_vwo_login","status":"skipped","statusDetails":{"known":false,"muted":false,"flaky":false,"message":"java.io.FileNotFoundException: C:\\Users\\Manoj Prakash\\IdeaProjects\\SeleniumFrameWorksrc\\main\\resources\\data.properties (The system cannot find the path specified)","trace":"java.lang.RuntimeException: java.io.FileNotFoundException: C:\\Users\\Manoj Prakash\\IdeaProjects\\SeleniumFrameWorksrc\\main\\resources\\data.properties (The system cannot find the path specified)\r\n\tat com.seleniumframework.utils.PropertiesReader.readKey(PropertiesReader.java:25)\r\n\tat com.seleniumframework.driver.DriverManager.init(DriverManager.java:34)\r\n\tat com.seleniumframework.base.CommonToAllTest.setUp(CommonToAllTest.java:12)\r\n\tat java.base/jdk.internal.reflect.DirectMethodHandleAccessor.invoke(DirectMethodHandleAccessor.java:104)\r\n\tat java.base/java.lang.reflect.Method.invoke(Method.java:565)\r\n\tat org.testng.internal.invokers.MethodInvocationHelper.invokeMethod(MethodInvocationHelper.java:141)\r\n\tat org.testng.internal.invokers.MethodInvocationHelper.invokeMethodConsideringTimeout(MethodInvocationHelper.java:71)\r\n\tat org.testng.internal.invokers.ConfigInvoker.invokeConfigurationMethod(ConfigInvoker.java:400)\r\n\tat org.testng.internal.invokers.ConfigInvoker.invokeConfigurations(ConfigInvoker.java:333)\r\n\tat org.testng.internal.invokers.TestInvoker.runConfigMethods(TestInvoker.java:836)\r\n\tat org.testng.internal.invokers.TestInvoker.invokeMethod(TestInvoker.java:601)\r\n\tat org.testng.internal.invokers.TestInvoker.invokeTestMethod(TestInvoker.java:230)\r\n\tat org.testng.internal.invokers.MethodRunner.runInSequence(MethodRunner.java:63)\r\n\tat org.testng.internal.invokers.TestInvoker$MethodInvocationAgent.invoke(TestInvoker.java:995)\r\n\tat org.testng.internal.invokers.TestInvoker.invokeTestMethods(TestInvoker.java:203)\r\n\tat org.testng.internal.invokers.TestMethodWorker.invokeTestMethods(TestMethodWorker.java:154)\r\n\tat org.testng.internal.invokers.TestMethodWorker.run(TestMethodWorker.java:134)\r\n\tat java.base/java.util.ArrayList.forEach(ArrayList.java:1604)\r\n\tat org.testng.TestRunner.privateRun(TestRunner.java:741)\r\n\tat org.testng.TestRunner.run(TestRunner.java:616)\r\n\tat org.testng.SuiteRunner.runTest(SuiteRunner.java:421)\r\n\tat org.testng.SuiteRunner.runSequentially(SuiteRunner.java:413)\r\n\tat org.testng.SuiteRunner.privateRun(SuiteRunner.java:373)\r\n\tat org.testng.SuiteRunner.run(SuiteRunner.java:312)\r\n\tat org.testng.SuiteRunnerWorker.runSuite(SuiteRunnerWorker.java:52)\r\n\tat org.testng.SuiteRunnerWorker.run(SuiteRunnerWorker.java:95)\r\n\tat org.testng.TestNG.runSuitesSequentially(TestNG.java:1274)\r\n\tat org.testng.TestNG.runSuitesLocally(TestNG.java:1208)\r\n\tat org.testng.TestNG.runSuites(TestNG.java:1112)\r\n\tat org.testng.TestNG.run(TestNG.java:1079)\r\n\tat com.intellij.rt.testng.IDEARemoteTestNG.run(IDEARemoteTestNG.java:65)\r\n\tat com.intellij.rt.testng.RemoteTestNGStarter.main(RemoteTestNGStarter.java:105)\r\nCaused by: java.io.FileNotFoundException: C:\\Users\\Manoj Prakash\\IdeaProjects\\SeleniumFrameWorksrc\\main\\resources\\data.properties (The system cannot find the path specified)\r\n\tat java.base/java.io.FileInputStream.open0(Native Method)\r\n\tat java.base/java.io.FileInputStream.open(FileInputStream.java:185)\r\n\tat java.base/java.io.FileInputStream.<init>(FileInputStream.java:139)\r\n\tat java.base/java.io.FileInputStream.<init>(FileInputStream.java:109)\r\n\tat com.seleniumframework.utils.PropertiesReader.readKey(PropertiesReader.java:19)\r\n\t... 31 more\r\n"},"stage":"finished","description":"TC#1- Verify that with invalid email, pass, error message is shown on the app.vwo.com","steps":[],"attachments":[],"parameters":[],"start":1767656019587,"stop":1767656019587}